<?xml version="1.0" encoding="UTF-8"?>
<!-- Generated by org.testng.reporters.JUnitReportReporter -->
<testsuite hostname="LAPTOP-FV329IPP" failures="0" tests="1" name="Utility.TestRunner" time="71.413" errors="0" timestamp="22 Oct 2020 10:07:09 GMT" skipped="0">
  <testcase classname="Utility.TestRunner" name="runFeature" time="71.413"/>
</testsuite> <!-- Utility.TestRunner -->
